<?xml version="1.0" encoding="UTF-8"?>
<!-- Generated by org.testng.reporters.JUnitReportReporter -->
<testsuite hostname="ALIYAPARVEEN" failures="0" tests="1" name="testCases.PostWithoutSerialization" time="3.615" errors="0" timestamp="2020-10-04T13:22:07 CDT" skipped="0">
  <testcase classname="testCases.PostWithoutSerialization" name="postWithoutSerialization" time="3.615"/>
  <system-out/>
</testsuite> <!-- testCases.PostWithoutSerialization -->
