<?xml version="1.0" encoding="UTF-8"?>
<!-- Generated by org.testng.reporters.JUnitReportReporter -->
<testsuite hostname="ALIYAPARVEEN" failures="0" tests="1" name="testCases.PostTestBDD" time="3.016" errors="0" timestamp="2020-10-03T11:06:14 CDT" skipped="0">
  <testcase classname="testCases.PostTestBDD" name="postTestBDD" time="3.016"/>
  <system-out/>
</testsuite> <!-- testCases.PostTestBDD -->
