<?xml version="1.0" encoding="UTF-8"?>
<!-- Generated by org.testng.reporters.JUnitReportReporter -->
<testsuite hostname="ALIYAPARVEEN" failures="0" tests="1" name="testCases.GetTestBDD" time="3.067" errors="0" timestamp="2020-10-03T09:43:46 CDT" skipped="0">
  <testcase classname="testCases.GetTestBDD" name="getTestBDD" time="3.067"/>
  <system-out/>
</testsuite> <!-- testCases.GetTestBDD -->
