<?xml version="1.0" encoding="UTF-8"?>
<!-- Generated by org.testng.reporters.JUnitReportReporter -->
<testsuite hostname="ALIYAPARVEEN" failures="0" tests="1" name="testCases.PutTestBDD" time="3.462" errors="0" timestamp="2020-10-03T10:50:05 CDT" skipped="0">
  <testcase classname="testCases.PutTestBDD" name="putTestBDD" time="3.462"/>
  <system-out/>
</testsuite> <!-- testCases.PutTestBDD -->
